<?xml version="1.0" encoding="UTF-8"?>
<!-- Generated by org.testng.reporters.JUnitReportReporter -->
<testsuite skipped="0" hostname="Chandas-Air.attlocal.net" name="com.dollardays.testcases.MyProfileTestcase" tests="1" failures="0" timestamp="2020-12-16T15:28:06 CST" time="29.892" errors="0">
  <testcase name="MyProfile_Login_Information_Validation" time="29.892" classname="com.dollardays.testcases.MyProfileTestcase"/>
  <system-out/>
</testsuite> <!-- com.dollardays.testcases.MyProfileTestcase -->
